c:\users\vaio\desktop\mirchs\dm\dm8\c++\dm8-cli\release\vc140.pdb
c:\users\vaio\desktop\mirchs\dm\dm8\c++\dm8-cli\release\vertexarray.obj
c:\users\vaio\desktop\mirchs\dm\dm8\c++\dm8-cli\release\vec4.obj
c:\users\vaio\desktop\mirchs\dm\dm8\c++\dm8-cli\release\vec3.obj
c:\users\vaio\desktop\mirchs\dm\dm8\c++\dm8-cli\release\vec2.obj
c:\users\vaio\desktop\mirchs\dm\dm8\c++\dm8-cli\release\mat4.obj
c:\users\vaio\desktop\mirchs\dm\dm8\c++\dm8-cli\release\window.obj
c:\users\vaio\desktop\mirchs\dm\dm8\c++\dm8-cli\release\texture.obj
c:\users\vaio\desktop\mirchs\dm\dm8\c++\dm8-cli\release\sprite.obj
c:\users\vaio\desktop\mirchs\dm\dm8\c++\dm8-cli\release\shader.obj
c:\users\vaio\desktop\mirchs\dm\dm8\c++\dm8-cli\release\layer2d.obj
c:\users\vaio\desktop\mirchs\dm\dm8\c++\dm8-cli\release\layer.obj
c:\users\vaio\desktop\mirchs\dm\dm8\c++\dm8-cli\release\group.obj
c:\users\vaio\desktop\mirchs\dm\dm8\c++\dm8-cli\release\dmrenderer2d.obj
c:\users\vaio\desktop\mirchs\dm\dm8\c++\dm8-cli\release\mbuffer.obj
c:\users\vaio\desktop\mirchs\dm\dm8\c++\dm8-cli\release\indexbuffer.obj
c:\users\vaio\desktop\mirchs\dm\dm8\c++\dm8-cli\release\transformcomponent.obj
c:\users\vaio\desktop\mirchs\dm\dm8\c++\dm8-cli\release\spritecomponent.obj
c:\users\vaio\desktop\mirchs\dm\dm8\c++\dm8-cli\release\component.obj
c:\users\vaio\desktop\mirchs\dm\dm8\c++\dm8-cli\release\main.obj
c:\users\vaio\desktop\mirchs\dm\dm8\c++\dm8-cli\release\dm8-cli.tlog\cl.command.1.tlog
c:\users\vaio\desktop\mirchs\dm\dm8\c++\dm8-cli\release\dm8-cli.tlog\cl.read.1.tlog
c:\users\vaio\desktop\mirchs\dm\dm8\c++\dm8-cli\release\dm8-cli.tlog\cl.write.1.tlog
c:\users\vaio\desktop\mirchs\dm\dm8\c++\dm8-cli\release\dm8-cli.tlog\metagen.write.1.tlog
