  Main.cpp
c:\users\mirce\documents\dm\dm8\c++\dm8\src\math\../utils/maths_func.h(10): warning C4244: 'return': conversion from 'double' to 'float', possible loss of data
c:\users\mirce\documents\dm\dm8\c++\dm8\src/graphics/layers/Layer.h(21): warning C4018: '<': signed/unsigned mismatch
c:\users\mirce\documents\dm\dm8\c++\dm8-cli\src\graphics\../DMManagedObject.h(11): warning C4477: 'sprintf' : format string '%s' requires an argument of type 'char *', but variadic argument 1 has type 'System::String ^'
Main.cpp(54): warning C4244: 'argument': conversion from 'double' to 'float', possible loss of data
  Component.cpp
c:\users\mirce\documents\dm\dm8\c++\dm8\src\math\../utils/maths_func.h(10): warning C4244: 'return': conversion from 'double' to 'float', possible loss of data
c:\users\mirce\documents\dm\dm8\c++\dm8\src/graphics/layers/Layer.h(21): warning C4018: '<': signed/unsigned mismatch
c:\users\mirce\documents\dm\dm8\c++\dm8-cli\src\entity\component\../../DMManagedObject.h(11): warning C4477: 'sprintf' : format string '%s' requires an argument of type 'char *', but variadic argument 1 has type 'System::String ^'
  SpriteComponent.cpp
c:\users\mirce\documents\dm\dm8\c++\dm8\src\math\../utils/maths_func.h(10): warning C4244: 'return': conversion from 'double' to 'float', possible loss of data
c:\users\mirce\documents\dm\dm8\c++\dm8\src/graphics/layers/Layer.h(21): warning C4018: '<': signed/unsigned mismatch
c:\users\mirce\documents\dm\dm8\c++\dm8-cli\src\entity\component\../../DMManagedObject.h(11): warning C4477: 'sprintf' : format string '%s' requires an argument of type 'char *', but variadic argument 1 has type 'System::String ^'
  TransformComponent.cpp
c:\users\mirce\documents\dm\dm8\c++\dm8\src\math\../utils/maths_func.h(10): warning C4244: 'return': conversion from 'double' to 'float', possible loss of data
c:\users\mirce\documents\dm\dm8\c++\dm8\src/graphics/layers/Layer.h(21): warning C4018: '<': signed/unsigned mismatch
c:\users\mirce\documents\dm\dm8\c++\dm8-cli\src\entity\component\../../DMManagedObject.h(11): warning C4477: 'sprintf' : format string '%s' requires an argument of type 'char *', but variadic argument 1 has type 'System::String ^'
  Entity.cpp
c:\users\mirce\documents\dm\dm8\c++\dm8\src\math\../utils/maths_func.h(10): warning C4244: 'return': conversion from 'double' to 'float', possible loss of data
c:\users\mirce\documents\dm\dm8\c++\dm8\src/graphics/layers/Layer.h(21): warning C4018: '<': signed/unsigned mismatch
c:\users\mirce\documents\dm\dm8\c++\dm8-cli\src\entity\../DMManagedObject.h(11): warning C4477: 'sprintf' : format string '%s' requires an argument of type 'char *', but variadic argument 1 has type 'System::String ^'
  IndexBuffer.cpp
c:\users\mirce\documents\dm\dm8\c++\dm8\src\math\../utils/maths_func.h(10): warning C4244: 'return': conversion from 'double' to 'float', possible loss of data
c:\users\mirce\documents\dm\dm8\c++\dm8\src/graphics/layers/Layer.h(21): warning C4018: '<': signed/unsigned mismatch
c:\users\mirce\documents\dm\dm8\c++\dm8-cli\src\graphics\buffers\../../DMManagedObject.h(11): warning C4477: 'sprintf' : format string '%s' requires an argument of type 'char *', but variadic argument 1 has type 'System::String ^'
  MBuffer.cpp
c:\users\mirce\documents\dm\dm8\c++\dm8\src\math\../utils/maths_func.h(10): warning C4244: 'return': conversion from 'double' to 'float', possible loss of data
c:\users\mirce\documents\dm\dm8\c++\dm8\src/graphics/layers/Layer.h(21): warning C4018: '<': signed/unsigned mismatch
c:\users\mirce\documents\dm\dm8\c++\dm8-cli\src\graphics\buffers\../../DMManagedObject.h(11): warning C4477: 'sprintf' : format string '%s' requires an argument of type 'char *', but variadic argument 1 has type 'System::String ^'
  DMRenderer2D.cpp
c:\users\mirce\documents\dm\dm8\c++\dm8\src\math\../utils/maths_func.h(10): warning C4244: 'return': conversion from 'double' to 'float', possible loss of data
c:\users\mirce\documents\dm\dm8\c++\dm8\src/graphics/layers/Layer.h(21): warning C4018: '<': signed/unsigned mismatch
c:\users\mirce\documents\dm\dm8\c++\dm8-cli\src\graphics\../DMManagedObject.h(11): warning C4477: 'sprintf' : format string '%s' requires an argument of type 'char *', but variadic argument 1 has type 'System::String ^'
  Group.cpp
c:\users\mirce\documents\dm\dm8\c++\dm8\src\math\../utils/maths_func.h(10): warning C4244: 'return': conversion from 'double' to 'float', possible loss of data
c:\users\mirce\documents\dm\dm8\c++\dm8\src/graphics/layers/Layer.h(21): warning C4018: '<': signed/unsigned mismatch
c:\users\mirce\documents\dm\dm8\c++\dm8-cli\src\graphics\layers\../../DMManagedObject.h(11): warning C4477: 'sprintf' : format string '%s' requires an argument of type 'char *', but variadic argument 1 has type 'System::String ^'
  Layer.cpp
c:\users\mirce\documents\dm\dm8\c++\dm8\src\math\../utils/maths_func.h(10): warning C4244: 'return': conversion from 'double' to 'float', possible loss of data
c:\users\mirce\documents\dm\dm8\c++\dm8\src/graphics/layers/Layer.h(21): warning C4018: '<': signed/unsigned mismatch
c:\users\mirce\documents\dm\dm8\c++\dm8-cli\src\graphics\layers\../../DMManagedObject.h(11): warning C4477: 'sprintf' : format string '%s' requires an argument of type 'char *', but variadic argument 1 has type 'System::String ^'
src\graphics\layers\Layer.cpp(22): error C2259: 'DM8::graphics::Layer': cannot instantiate abstract class
  src\graphics\layers\Layer.cpp(22): note: due to following members:
  src\graphics\layers\Layer.cpp(22): note: 'void DM8::graphics::Layer::Render(void)': is abstract
  c:\users\mirce\documents\dm\dm8\c++\dm8\src/graphics/layers/Layer.h(27): note: see declaration of 'DM8::graphics::Layer::Render'
src\graphics\layers\Layer.cpp(22): error C2661: 'DM8::graphics::Layer::Layer': no overloaded function takes 3 arguments
src\graphics\layers\Layer.cpp(27): error C2039: 'Push': is not a member of 'DM8::graphics::Layer'
  c:\users\mirce\documents\dm\dm8\c++\dm8\src/graphics/layers/Layer.h(11): note: see declaration of 'DM8::graphics::Layer'
  Layer2D.cpp
c:\users\mirce\documents\dm\dm8\c++\dm8\src\math\../utils/maths_func.h(10): warning C4244: 'return': conversion from 'double' to 'float', possible loss of data
c:\users\mirce\documents\dm\dm8\c++\dm8\src/graphics/layers/Layer.h(21): warning C4018: '<': signed/unsigned mismatch
c:\users\mirce\documents\dm\dm8\c++\dm8-cli\src\graphics\layers\../../DMManagedObject.h(11): warning C4477: 'sprintf' : format string '%s' requires an argument of type 'char *', but variadic argument 1 has type 'System::String ^'
  Shader.cpp
c:\users\mirce\documents\dm\dm8\c++\dm8\src\math\../utils/maths_func.h(10): warning C4244: 'return': conversion from 'double' to 'float', possible loss of data
c:\users\mirce\documents\dm\dm8\c++\dm8\src/graphics/layers/Layer.h(21): warning C4018: '<': signed/unsigned mismatch
c:\users\mirce\documents\dm\dm8\c++\dm8-cli\src\graphics\../DMManagedObject.h(11): warning C4477: 'sprintf' : format string '%s' requires an argument of type 'char *', but variadic argument 1 has type 'System::String ^'
  Sprite.cpp
c:\users\mirce\documents\dm\dm8\c++\dm8\src\math\../utils/maths_func.h(10): warning C4244: 'return': conversion from 'double' to 'float', possible loss of data
c:\users\mirce\documents\dm\dm8\c++\dm8\src/graphics/layers/Layer.h(21): warning C4018: '<': signed/unsigned mismatch
c:\users\mirce\documents\dm\dm8\c++\dm8-cli\src\graphics\../DMManagedObject.h(11): warning C4477: 'sprintf' : format string '%s' requires an argument of type 'char *', but variadic argument 1 has type 'System::String ^'
  Texture.cpp
c:\users\mirce\documents\dm\dm8\c++\dm8\src\math\../utils/maths_func.h(10): warning C4244: 'return': conversion from 'double' to 'float', possible loss of data
c:\users\mirce\documents\dm\dm8\c++\dm8\src/graphics/layers/Layer.h(21): warning C4018: '<': signed/unsigned mismatch
c:\users\mirce\documents\dm\dm8\c++\dm8-cli\src\graphics\../DMManagedObject.h(11): warning C4477: 'sprintf' : format string '%s' requires an argument of type 'char *', but variadic argument 1 has type 'System::String ^'
  Window.cpp
c:\users\mirce\documents\dm\dm8\c++\dm8\src\math\../utils/maths_func.h(10): warning C4244: 'return': conversion from 'double' to 'float', possible loss of data
c:\users\mirce\documents\dm\dm8\c++\dm8\src/graphics/layers/Layer.h(21): warning C4018: '<': signed/unsigned mismatch
c:\users\mirce\documents\dm\dm8\c++\dm8-cli\src\graphics\../DMManagedObject.h(11): warning C4477: 'sprintf' : format string '%s' requires an argument of type 'char *', but variadic argument 1 has type 'System::String ^'
  Mat4.cpp
c:\users\mirce\documents\dm\dm8\c++\dm8\src\math\../utils/maths_func.h(10): warning C4244: 'return': conversion from 'double' to 'float', possible loss of data
c:\users\mirce\documents\dm\dm8\c++\dm8\src/graphics/layers/Layer.h(21): warning C4018: '<': signed/unsigned mismatch
c:\users\mirce\documents\dm\dm8\c++\dm8-cli\src\math\../DMManagedObject.h(11): warning C4477: 'sprintf' : format string '%s' requires an argument of type 'char *', but variadic argument 1 has type 'System::String ^'
  Vec2.cpp
c:\users\mirce\documents\dm\dm8\c++\dm8\src\math\../utils/maths_func.h(10): warning C4244: 'return': conversion from 'double' to 'float', possible loss of data
c:\users\mirce\documents\dm\dm8\c++\dm8\src/graphics/layers/Layer.h(21): warning C4018: '<': signed/unsigned mismatch
c:\users\mirce\documents\dm\dm8\c++\dm8-cli\src\math\../DMManagedObject.h(11): warning C4477: 'sprintf' : format string '%s' requires an argument of type 'char *', but variadic argument 1 has type 'System::String ^'
  Vec3.cpp
c:\users\mirce\documents\dm\dm8\c++\dm8\src\math\../utils/maths_func.h(10): warning C4244: 'return': conversion from 'double' to 'float', possible loss of data
c:\users\mirce\documents\dm\dm8\c++\dm8\src/graphics/layers/Layer.h(21): warning C4018: '<': signed/unsigned mismatch
c:\users\mirce\documents\dm\dm8\c++\dm8-cli\src\math\../DMManagedObject.h(11): warning C4477: 'sprintf' : format string '%s' requires an argument of type 'char *', but variadic argument 1 has type 'System::String ^'
  Vec4.cpp
c:\users\mirce\documents\dm\dm8\c++\dm8\src\math\../utils/maths_func.h(10): warning C4244: 'return': conversion from 'double' to 'float', possible loss of data
c:\users\mirce\documents\dm\dm8\c++\dm8\src/graphics/layers/Layer.h(21): warning C4018: '<': signed/unsigned mismatch
c:\users\mirce\documents\dm\dm8\c++\dm8-cli\src\math\../DMManagedObject.h(11): warning C4477: 'sprintf' : format string '%s' requires an argument of type 'char *', but variadic argument 1 has type 'System::String ^'
  VertexArray.cpp
c:\users\mirce\documents\dm\dm8\c++\dm8\src\math\../utils/maths_func.h(10): warning C4244: 'return': conversion from 'double' to 'float', possible loss of data
c:\users\mirce\documents\dm\dm8\c++\dm8\src/graphics/layers/Layer.h(21): warning C4018: '<': signed/unsigned mismatch
c:\users\mirce\documents\dm\dm8\c++\dm8-cli\src\graphics\buffers\../../DMManagedObject.h(11): warning C4477: 'sprintf' : format string '%s' requires an argument of type 'char *', but variadic argument 1 has type 'System::String ^'
  Generating Code...
