c:\users\mirce\documents\dm\dm8\c++\dm8\release\dm8.pdb
c:\users\mirce\documents\dm\dm8\c++\dm8\release\vec2.obj
c:\users\mirce\documents\dm\dm8\c++\dm8\release\mat4.obj
c:\users\mirce\documents\dm\dm8\c++\dm8\release\window.obj
c:\users\mirce\documents\dm\dm8\c++\dm8\release\texture.obj
c:\users\mirce\documents\dm\dm8\c++\dm8\release\sprite.obj
c:\users\mirce\documents\dm\dm8\c++\dm8\release\shader.obj
c:\users\mirce\documents\dm\dm8\c++\dm8\release\layer2d.obj
c:\users\mirce\documents\dm\dm8\c++\dm8\release\layer.obj
c:\users\mirce\documents\dm\dm8\c++\dm8\release\group.obj
c:\users\mirce\documents\dm\dm8\c++\dm8\release\vertexarray.obj
c:\users\mirce\documents\dm\dm8\c++\dm8\release\indexbuffer.obj
c:\users\mirce\documents\dm\dm8\c++\dm8\release\dmrenderer2d.obj
c:\users\mirce\documents\dm\dm8\c++\dm8\release\camera.obj
c:\users\mirce\documents\dm\dm8\c++\dm8\release\buffer.obj
c:\users\mirce\documents\dm\dm8\c++\dm8\release\entity.obj
c:\users\mirce\documents\dm\dm8\c++\dm8\release\transformcomponent.obj
c:\users\mirce\documents\dm\dm8\c++\dm8\release\spritecomponent.obj
c:\users\mirce\documents\dm\dm8\c++\dm8\release\component.obj
c:\users\mirce\documents\dm\dm8\c++\dm8\release\vec4.obj
c:\users\mirce\documents\dm\dm8\c++\dm8\release\vec3.obj
c:\users\mirce\documents\dm\dm8\c++\dm8\release\dm8.tlog\cl.command.1.tlog
c:\users\mirce\documents\dm\dm8\c++\dm8\release\dm8.tlog\cl.read.1.tlog
c:\users\mirce\documents\dm\dm8\c++\dm8\release\dm8.tlog\cl.write.1.tlog
